<?xml version="1.0" encoding="UTF-8"?>
<!-- Generated by org.testng.reporters.JUnitReportReporter -->
<testsuite hostname="LSTKAG233818" failures="0" tests="1" name="tests.BuscarAgregarProducto" time="3.889" errors="0" timestamp="2022-06-24T09:28:13 CDT" skipped="0">
  <testcase classname="tests.BuscarAgregarProducto" name="f" time="3.889"/>
  <system-out/>
</testsuite> <!-- tests.BuscarAgregarProducto -->
