<?xml version="1.0" encoding="UTF-8"?>
<!-- Generated by org.testng.reporters.JUnitReportReporter -->
<testsuite hostname="LSTKEN233809" failures="0" tests="1" name="tests.LoginTest" time="1.376" errors="0" timestamp="2022-06-23T23:27:42 CDT" skipped="0">
  <testcase classname="tests.LoginTest" name="f" time="1.376"/>
  <system-out/>
</testsuite> <!-- tests.LoginTest -->
