<?xml version="1.0" encoding="UTF-8"?>
<!-- Generated by org.testng.reporters.JUnitReportReporter -->
<testsuite hostname="LSTKEN233809" failures="0" tests="1" name="tests.AgregarProductoHomeTest" time="8.738" errors="0" timestamp="2022-06-24T01:52:00 CDT" skipped="0">
  <testcase classname="tests.AgregarProductoHomeTest" name="f" time="8.738"/>
  <system-out/>
</testsuite> <!-- tests.AgregarProductoHomeTest -->
