<?xml version="1.0" encoding="UTF-8"?>
<!-- Generated by org.testng.reporters.JUnitReportReporter -->
<testsuite hostname="LSTKAG233818" failures="0" tests="1" name="tests.RealizarCompraConRegistroTest" time="24.651" errors="0" timestamp="2022-06-24T09:11:26 CDT" skipped="0">
  <testcase classname="tests.RealizarCompraConRegistroTest" name="realizaCompraConRegistro" time="24.651"/>
  <system-out/>
</testsuite> <!-- tests.RealizarCompraConRegistroTest -->
