<?xml version="1.0" encoding="UTF-8"?>
<!-- Generated by org.testng.reporters.JUnitReportReporter -->
<testsuite hostname="LSTKAG233818" failures="0" tests="1" name="tests.SeleccionarCategoriaTest" time="7.695" errors="0" timestamp="2022-06-24T09:31:31 CDT" skipped="0">
  <testcase classname="tests.SeleccionarCategoriaTest" name="f" time="7.695"/>
  <system-out/>
</testsuite> <!-- tests.SeleccionarCategoriaTest -->
