<?xml version="1.0" encoding="UTF-8"?>
<!-- Generated by org.testng.reporters.JUnitReportReporter -->
<testsuite hostname="LSTKAG233818" failures="0" tests="1" name="tests.LoginTest" time="1.253" errors="0" timestamp="2022-06-24T09:22:57 CDT" skipped="0">
  <testcase classname="tests.LoginTest" name="f" time="1.253"/>
  <system-out/>
</testsuite> <!-- tests.LoginTest -->
