<?xml version="1.0" encoding="UTF-8"?>
<!-- Generated by org.testng.reporters.JUnitReportReporter -->
<testsuite hostname="LSTKEN233809" failures="0" tests="1" name="tests.BuscarAgregarProducto" time="2.092" errors="0" timestamp="2022-06-24T03:04:34 CDT" skipped="0">
  <testcase classname="tests.BuscarAgregarProducto" name="f" time="2.092"/>
  <system-out/>
</testsuite> <!-- tests.BuscarAgregarProducto -->
