<?xml version="1.0" encoding="UTF-8"?>
<!-- Generated by org.testng.reporters.JUnitReportReporter -->
<testsuite hostname="LSTKAG233818" failures="0" tests="1" name="tests.RealizarCompraConRegistroTest" time="19.450" errors="0" timestamp="2022-06-23T21:10:53 CDT" skipped="0">
  <testcase classname="tests.RealizarCompraConRegistroTest" name="realizaCompraConRegistro" time="19.450"/>
  <system-out/>
</testsuite> <!-- tests.RealizarCompraConRegistroTest -->
