<?xml version="1.0" encoding="UTF-8"?>
<!-- Generated by org.testng.reporters.JUnitReportReporter -->
<testsuite hostname="LSTKEN233809" failures="0" tests="1" name="tests.CrearCuentaNuevaTest" time="1.851" errors="0" timestamp="2022-06-23T20:17:59 CDT" skipped="0">
  <testcase classname="tests.CrearCuentaNuevaTest" name="crearCuentaNueva" time="1.851"/>
  <system-out/>
</testsuite> <!-- tests.CrearCuentaNuevaTest -->
