<?xml version="1.0" encoding="UTF-8"?>
<!-- Generated by org.testng.reporters.JUnitReportReporter -->
<testsuite hostname="LSTKAG233818" failures="0" tests="1" name="tests.AgregarProductoHomeTest" time="7.534" errors="0" timestamp="2022-06-24T09:25:34 CDT" skipped="0">
  <testcase classname="tests.AgregarProductoHomeTest" name="f" time="7.534"/>
  <system-out/>
</testsuite> <!-- tests.AgregarProductoHomeTest -->
