<?xml version="1.0" encoding="UTF-8"?>
<!-- Generated by org.testng.reporters.JUnitReportReporter -->
<testsuite hostname="LSTKAG233818" failures="0" tests="1" name="tests.CrearCuentaNuevaTest" time="1.760" errors="0" timestamp="2022-06-24T09:24:37 CDT" skipped="0">
  <testcase classname="tests.CrearCuentaNuevaTest" name="crearCuentaNueva" time="1.760"/>
  <system-out/>
</testsuite> <!-- tests.CrearCuentaNuevaTest -->
