<?xml version="1.0" encoding="UTF-8"?>
<!-- Generated by org.testng.reporters.JUnitReportReporter -->
<testsuite hostname="LSTKEN233809" failures="0" tests="1" name="tests.SeleccionarCategoriaTest" time="5.108" errors="0" timestamp="2022-06-24T02:54:47 CDT" skipped="0">
  <testcase classname="tests.SeleccionarCategoriaTest" name="f" time="5.108"/>
  <system-out/>
</testsuite> <!-- tests.SeleccionarCategoriaTest -->
